<?xml version="1.0" encoding="UTF-8"?>
<!-- Generated by org.testng.reporters.JUnitReportReporter -->
<testsuite hostname="ABIRVVM670EDA" name="TestNGPAck.SeleniumTestNG" tests="1" failures="0" timestamp="12 Jun 2013 17:52:56 GMT" time="28.350" errors="0">
  <testcase name="testCompleteWDJUnit" time="28.350" classname="TestNGPAck.SeleniumTestNG"/>
</testsuite> <!-- TestNGPAck.SeleniumTestNG -->
